<?xml version="1.0" encoding="UTF-8"?>
<testng-results skipped="0" failed="1" total="1" passed="0">
  <reporter-output>
  </reporter-output>
  <suite name="paramSuite" duration-ms="2147" started-at="2020-03-11T07:01:18Z" finished-at="2020-03-11T07:01:20Z">
    <groups>
    </groups>
    <test name="paramTest4" duration-ms="2147" started-at="2020-03-11T07:01:18Z" finished-at="2020-03-11T07:01:20Z">
      <class name="com.example.zzh.test.TestParam">
        <test-method status="PASS" signature="springTestContextBeforeTestClass()[pri:0, instance:com.example.zzh.test.TestParam@20bd8be5]" name="springTestContextBeforeTestClass" is-config="true" duration-ms="7" started-at="2020-03-11T15:01:18Z" finished-at="2020-03-11T15:01:18Z">
          <reporter-output>
          </reporter-output>
        </test-method> <!-- springTestContextBeforeTestClass -->
        <test-method status="PASS" signature="springTestContextPrepareTestInstance()[pri:0, instance:com.example.zzh.test.TestParam@20bd8be5]" name="springTestContextPrepareTestInstance" is-config="true" duration-ms="1946" started-at="2020-03-11T15:01:18Z" depends-on-methods="org.springframework.test.context.testng.AbstractTestNGSpringContextTests.springTestContextBeforeTestClass" finished-at="2020-03-11T15:01:20Z">
          <reporter-output>
          </reporter-output>
        </test-method> <!-- springTestContextPrepareTestInstance -->
        <test-method status="PASS" signature="springTestContextBeforeTestMethod(java.lang.reflect.Method)[pri:0, instance:com.example.zzh.test.TestParam@20bd8be5]" name="springTestContextBeforeTestMethod" is-config="true" duration-ms="1" started-at="2020-03-11T15:01:20Z" finished-at="2020-03-11T15:01:20Z">
          <params>
            <param index="0">
              <value>
                <![CDATA[public void com.example.zzh.test.TestParam.testOption(java.lang.Integer)]]>
              </value>
            </param>
          </params>
          <reporter-output>
          </reporter-output>
        </test-method> <!-- springTestContextBeforeTestMethod -->
        <test-method status="FAIL" signature="testOption(java.lang.Integer)[pri:0, instance:com.example.zzh.test.TestParam@20bd8be5]" name="testOption" duration-ms="181" started-at="2020-03-11T15:01:20Z" finished-at="2020-03-11T15:01:20Z">
          <params>
            <param index="0">
              <value>
                <![CDATA[1]]>
              </value>
            </param>
          </params>
          <exception class="java.lang.AssertionError">
            <message>
              <![CDATA[使用了optional的值]]>
            </message>
            <full-stacktrace>
              <![CDATA[java.lang.AssertionError: 使用了optional的值
	at org.testng.Assert.fail(Assert.java:94)
	at org.testng.Assert.assertNotEquals(Assert.java:758)
	at com.example.zzh.test.TestParam.testOption(TestParam.java:125)
	at sun.reflect.NativeMethodAccessorImpl.invoke0(Native Method)
	at sun.reflect.NativeMethodAccessorImpl.invoke(NativeMethodAccessorImpl.java:62)
	at sun.reflect.DelegatingMethodAccessorImpl.invoke(DelegatingMethodAccessorImpl.java:43)
	at java.lang.reflect.Method.invoke(Method.java:498)
	at org.testng.internal.MethodInvocationHelper.invokeMethod(MethodInvocationHelper.java:80)
	at org.testng.internal.MethodInvocationHelper$1.runTestMethod(MethodInvocationHelper.java:182)
	at org.springframework.test.context.testng.AbstractTestNGSpringContextTests.run(AbstractTestNGSpringContextTests.java:181)
	at sun.reflect.NativeMethodAccessorImpl.invoke0(Native Method)
	at sun.reflect.NativeMethodAccessorImpl.invoke(NativeMethodAccessorImpl.java:62)
	at sun.reflect.DelegatingMethodAccessorImpl.invoke(DelegatingMethodAccessorImpl.java:43)
	at java.lang.reflect.Method.invoke(Method.java:498)
	at org.testng.internal.MethodInvocationHelper.invokeHookable(MethodInvocationHelper.java:194)
	at org.testng.internal.Invoker.invokeMethod(Invoker.java:707)
	at org.testng.internal.Invoker.invokeTestMethod(Invoker.java:901)
	at org.testng.internal.Invoker.invokeTestMethods(Invoker.java:1231)
	at org.testng.internal.TestMethodWorker.invokeTestMethods(TestMethodWorker.java:127)
	at org.testng.internal.TestMethodWorker.run(TestMethodWorker.java:111)
	at org.testng.TestRunner.privateRun(TestRunner.java:767)
	at org.testng.TestRunner.run(TestRunner.java:617)
	at org.testng.SuiteRunner.runTest(SuiteRunner.java:334)
	at org.testng.SuiteRunner.runSequentially(SuiteRunner.java:329)
	at org.testng.SuiteRunner.privateRun(SuiteRunner.java:291)
	at org.testng.SuiteRunner.run(SuiteRunner.java:240)
	at org.testng.SuiteRunnerWorker.runSuite(SuiteRunnerWorker.java:52)
	at org.testng.SuiteRunnerWorker.run(SuiteRunnerWorker.java:86)
	at org.testng.TestNG.runSuitesSequentially(TestNG.java:1198)
	at org.testng.TestNG.runSuitesLocally(TestNG.java:1123)
	at org.testng.TestNG.run(TestNG.java:1031)
	at com.intellij.rt.testng.IDEARemoteTestNG.run(IDEARemoteTestNG.java:66)
	at com.intellij.rt.testng.RemoteTestNGStarter.main(RemoteTestNGStarter.java:110)
]]>
            </full-stacktrace>
          </exception> <!-- java.lang.AssertionError -->
          <reporter-output>
          </reporter-output>
        </test-method> <!-- testOption -->
        <test-method status="PASS" signature="springTestContextAfterTestMethod(java.lang.reflect.Method)[pri:0, instance:com.example.zzh.test.TestParam@20bd8be5]" name="springTestContextAfterTestMethod" is-config="true" duration-ms="1" started-at="2020-03-11T15:01:20Z" finished-at="2020-03-11T15:01:20Z">
          <params>
            <param index="0">
              <value>
                <![CDATA[public void com.example.zzh.test.TestParam.testOption(java.lang.Integer)]]>
              </value>
            </param>
          </params>
          <reporter-output>
          </reporter-output>
        </test-method> <!-- springTestContextAfterTestMethod -->
        <test-method status="PASS" signature="springTestContextAfterTestClass()[pri:0, instance:com.example.zzh.test.TestParam@20bd8be5]" name="springTestContextAfterTestClass" is-config="true" duration-ms="1" started-at="2020-03-11T15:01:20Z" finished-at="2020-03-11T15:01:20Z">
          <reporter-output>
          </reporter-output>
        </test-method> <!-- springTestContextAfterTestClass -->
      </class> <!-- com.example.zzh.test.TestParam -->
    </test> <!-- paramTest4 -->
  </suite> <!-- paramSuite -->
</testng-results>
